C:\USERS\PFAUS.CMCHB\DOCUMENTS\VISUAL STUDIO 2012\PROJECTS\PROJEKTE_PFAUS\VERSCHLUESSELUNG\DEBUG\VERSCHLUESSELUNG.PCH
C:\USERS\PFAUS.CMCHB\DOCUMENTS\VISUAL STUDIO 2012\PROJECTS\PROJEKTE_PFAUS\VERSCHLUESSELUNG\DEBUG\STDAFX.OBJ
C:\USERS\PFAUS.CMCHB\DOCUMENTS\VISUAL STUDIO 2012\PROJECTS\PROJEKTE_PFAUS\VERSCHLUESSELUNG\DEBUG\VC110.PDB
C:\USERS\PFAUS.CMCHB\DOCUMENTS\VISUAL STUDIO 2012\PROJECTS\PROJEKTE_PFAUS\VERSCHLUESSELUNG\DEBUG\CONVERTER.OBJ
C:\USERS\PFAUS.CMCHB\DOCUMENTS\VISUAL STUDIO 2012\PROJECTS\PROJEKTE_PFAUS\VERSCHLUESSELUNG\DEBUG\VERSCHLUESSELUNG.OBJ
C:\USERS\PFAUS.CMCHB\DOCUMENTS\VISUAL STUDIO 2012\PROJECTS\PROJEKTE_PFAUS\VERSCHLUESSELUNG\DEBUG\ZEICHENSATZ.OBJ
C:\USERS\PFAUS.CMCHB\DOCUMENTS\VISUAL STUDIO 2012\PROJECTS\PROJEKTE_PFAUS\DEBUG\VERSCHLUESSELUNG.ILK
C:\USERS\PFAUS.CMCHB\DOCUMENTS\VISUAL STUDIO 2012\PROJECTS\PROJEKTE_PFAUS\DEBUG\VERSCHLUESSELUNG.EXE
C:\USERS\PFAUS.CMCHB\DOCUMENTS\VISUAL STUDIO 2012\PROJECTS\PROJEKTE_PFAUS\DEBUG\VERSCHLUESSELUNG.PDB
C:\Users\PFAUS.CMCHB\Documents\Visual Studio 2012\Projects\Projekte_Pfaus\Verschluesselung\Debug\converter.obj
C:\Users\PFAUS.CMCHB\Documents\Visual Studio 2012\Projects\Projekte_Pfaus\Verschluesselung\Debug\stdafx.obj
C:\Users\PFAUS.CMCHB\Documents\Visual Studio 2012\Projects\Projekte_Pfaus\Verschluesselung\Debug\Verschluesselung.obj
C:\Users\PFAUS.CMCHB\Documents\Visual Studio 2012\Projects\Projekte_Pfaus\Verschluesselung\Debug\Zeichensatz.obj
C:\Users\PFAUS.CMCHB\Documents\Visual Studio 2012\Projects\Projekte_Pfaus\Verschluesselung\Debug\cl.command.1.tlog
C:\Users\PFAUS.CMCHB\Documents\Visual Studio 2012\Projects\Projekte_Pfaus\Verschluesselung\Debug\CL.read.1.tlog
C:\Users\PFAUS.CMCHB\Documents\Visual Studio 2012\Projects\Projekte_Pfaus\Verschluesselung\Debug\CL.write.1.tlog
C:\Users\PFAUS.CMCHB\Documents\Visual Studio 2012\Projects\Projekte_Pfaus\Verschluesselung\Debug\link-cvtres.read.1.tlog
C:\Users\PFAUS.CMCHB\Documents\Visual Studio 2012\Projects\Projekte_Pfaus\Verschluesselung\Debug\link-cvtres.write.1.tlog
C:\Users\PFAUS.CMCHB\Documents\Visual Studio 2012\Projects\Projekte_Pfaus\Verschluesselung\Debug\link-rc.read.1.tlog
C:\Users\PFAUS.CMCHB\Documents\Visual Studio 2012\Projects\Projekte_Pfaus\Verschluesselung\Debug\link-rc.write.1.tlog
C:\Users\PFAUS.CMCHB\Documents\Visual Studio 2012\Projects\Projekte_Pfaus\Verschluesselung\Debug\link.command.1.tlog
C:\Users\PFAUS.CMCHB\Documents\Visual Studio 2012\Projects\Projekte_Pfaus\Verschluesselung\Debug\link.read.1.tlog
C:\Users\PFAUS.CMCHB\Documents\Visual Studio 2012\Projects\Projekte_Pfaus\Verschluesselung\Debug\link.write.1.tlog
C:\Users\PFAUS.CMCHB\Documents\Visual Studio 2012\Projects\Projekte_Pfaus\Verschluesselung\Debug\Verschluesselung.pch
C:\Users\PFAUS.CMCHB\Documents\Visual Studio 2012\Projects\Projekte_Pfaus\Verschluesselung\Debug\vc110.idb
C:\Users\PFAUS.CMCHB\Documents\Visual Studio 2012\Projects\Projekte_Pfaus\Verschluesselung\Debug\vc110.pdb
C:\Users\PFAUS.CMCHB\Documents\Visual Studio 2012\Projects\Projekte_Pfaus\Debug\Verschluesselung.pdb
C:\Users\PFAUS.CMCHB\Documents\Visual Studio 2012\Projects\Projekte_Pfaus\Debug\Verschluesselung.exe
C:\Users\PFAUS.CMCHB\Documents\Visual Studio 2012\Projects\Projekte_Pfaus\Debug\Verschluesselung.ilk
